<?xml version="1.0" encoding="UTF-8"?>
<!-- Generated by org.testng.reporters.JUnitReportReporter -->
<testsuite skipped="0" hostname="PengOst-MAC.local" name="com.sample.test.demo.tests.Functional_POS" tests="8" failures="0" timestamp="28 Dec 2020 10:12:21 GMT" time="36.609" errors="0">
  <testcase name="Sanity_place_order_cc" time="3.079" classname="com.sample.test.demo.tests.Functional_POS"/>
  <testcase name="REP_place_order_cash_missing_nonmad_field" time="6.010" classname="com.sample.test.demo.tests.Functional_POS"/>
  <testcase name="Sanity_place_order_cash" time="3.947" classname="com.sample.test.demo.tests.Functional_POS"/>
  <testcase name="REP_place_order_refresh_clean_field" time="4.814" classname="com.sample.test.demo.tests.Functional_POS"/>
  <testcase name="REP_place_order_reset_clean_field" time="2.221" classname="com.sample.test.demo.tests.Functional_POS"/>
  <testcase name="REP_place_order_cash_missing_field" time="5.988" classname="com.sample.test.demo.tests.Functional_POS"/>
  <testcase name="REP_place_order_cc" time="5.421" classname="com.sample.test.demo.tests.Functional_POS"/>
  <testcase name="REP_place_order_cash" time="5.129" classname="com.sample.test.demo.tests.Functional_POS"/>
</testsuite> <!-- com.sample.test.demo.tests.Functional_POS -->
