<?xml version="1.0" encoding="UTF-8"?>
<!-- Generated by org.testng.reporters.JUnitReportReporter -->
<testsuite skipped="0" hostname="PengOst-MAC.local" name="com.sample.test.demo.tests.SanityTest" tests="2" failures="0" timestamp="28 Dec 2020 10:12:21 GMT" time="16.694" errors="0">
  <testcase name="Sanity_place_order_cc" time="8.251" classname="com.sample.test.demo.tests.SanityTest"/>
  <testcase name="Sanity_place_order_cash" time="8.443" classname="com.sample.test.demo.tests.SanityTest"/>
</testsuite> <!-- com.sample.test.demo.tests.SanityTest -->
