<?xml version="1.0" encoding="UTF-8"?>
<!-- Generated by org.testng.reporters.JUnitReportReporter -->
<testsuite skipped="0" hostname="PengOst-MAC.local" name="com.sample.test.demo.tests.DemoTest" tests="1" failures="0" timestamp="28 Dec 2020 10:12:21 GMT" time="0.001" errors="0">
  <testcase name="demoTest" time="0.001" classname="com.sample.test.demo.tests.DemoTest"/>
</testsuite> <!-- com.sample.test.demo.tests.DemoTest -->
